23.01.2016 alpha 0.3.2
Соединения в списке можно выбирать
В отображении портов убраны тысячи
Интерфейс пользовательского режима

22.01.2016 alpha 0.2.9
Визуальное различие сообщений
Улучшена система атаки
Исправлен порядок сообщений
Решена (скорее всего) проблема с одинаковыми портами
Добавлена система помощи в бою
Улучшена система помощи

21.01.2016 alpha 0.2.3
Убраны лишние функции и переменные из класса связи
Добавлены категории сообщений, их распознавание
Добавлено удаление мертвых соединений
Добавлена атака
Улучшена система боя
Добавлена смерть
Добавлена помощь
Улучшена помощь
Добавлено желание улучшений и его изменение
Добавлена зависимость стартовых параметров от скорости

20.01.2016 alpha 0.1.2
Добавлено изменение I, D, C и их приростов

19.01.2016 alpha 0.1.1
Запись нового соединения
Класс Главный
Базовый интерфейс лаунчера
Изменяемый таймер
Отображение различных событий (принято, отослано и т.д.)
Улучшение модуля связи
Базовый интерфейс нормальной программы

18.01.2016 alpha 0.0.3
Класс Связи
Запуск программы с параметрами
Передача данных

0.0.0 Инициализация. Настройка гитхаба

Старт: 18.01.2016
